<?xml version="1.0" encoding="UTF-8"?>
<!-- Generated by org.testng.reporters.JUnitReportReporter -->
<testsuite hostname="DESKTOP-5SO6SE4" failures="0" tests="2" name="Section14Streams.StreamsTutorial" time="0.008" errors="0" timestamp="2022-10-28T07:01:57 ICT" skipped="0">
  <testcase classname="Section14Streams.StreamsTutorial" name="regular" time="0.007"/>
  <system-out/>
  <testcase classname="Section14Streams.StreamsTutorial" name="streamFilter" time="0.001"/>
  <system-out/>
</testsuite> <!-- Section14Streams.StreamsTutorial -->
