<?xml version="1.0" encoding="UTF-8"?>
<!-- Generated by org.testng.reporters.JUnitReportReporter -->
<testsuite hostname="DESKTOP-5SO6SE4" failures="0" tests="1" name="Section14Streams.StreamTutorial3" time="0.016" errors="0" timestamp="2022-10-28T07:11:06 ICT" skipped="0">
  <testcase classname="Section14Streams.StreamTutorial3" name="streamMap" time="0.016"/>
  <system-out/>
</testsuite> <!-- Section14Streams.StreamTutorial3 -->
